INFO:werkzeug:[31m[1mWARNING: This is a development server. Do not use it in a production deployment. Use a production WSGI server instead.[0m
 * Running on http://127.0.0.1:5000
INFO:werkzeug:[33mPress CTRL+C to quit[0m
INFO:werkzeug: * Restarting with stat
WARNING:werkzeug: * Debugger is active!
INFO:werkzeug: * Debugger PIN: 146-011-104
INFO:werkzeug:127.0.0.1 - - [14/Aug/2025 09:22:11] "GET /delivery/assign HTTP/1.1" 200 -
INFO:werkzeug: * Detected change in 'c:\\Users\\paild\\thumbworx\\app.py', reloading
INFO:werkzeug: * Restarting with stat
WARNING:werkzeug: * Debugger is active!
INFO:werkzeug: * Debugger PIN: 146-011-104
INFO:werkzeug: * Detected change in 'c:\\Users\\paild\\thumbworx\\app.py', reloading
INFO:werkzeug: * Restarting with stat
WARNING:werkzeug: * Debugger is active!
INFO:werkzeug: * Debugger PIN: 146-011-104
INFO:werkzeug:127.0.0.1 - - [14/Aug/2025 09:24:07] "GET /activity_logs HTTP/1.1" 200 -
INFO:werkzeug:127.0.0.1 - - [14/Aug/2025 09:24:56] "[35m[1mPOST /driver/add HTTP/1.1[0m" 500 -
INFO:werkzeug: * Detected change in 'c:\\Users\\paild\\thumbworx\\app.py', reloading
INFO:werkzeug: * Restarting with stat
WARNING:werkzeug: * Debugger is active!
INFO:werkzeug: * Debugger PIN: 146-011-104
INFO:werkzeug:127.0.0.1 - - [14/Aug/2025 09:25:09] "[35m[1mPOST /driver/add HTTP/1.1[0m" 500 -
INFO:werkzeug: * Detected change in 'c:\\Users\\paild\\thumbworx\\app.py', reloading
INFO:werkzeug: * Restarting with stat
WARNING:werkzeug: * Debugger is active!
INFO:werkzeug: * Debugger PIN: 146-011-104
INFO:root:2025-08-14 01:26:14.848597: Added driver Ethan
INFO:root:2025-08-14 01:26:14.848820: Added driver Fiona
INFO:root:2025-08-14 01:26:14.848925: Added driver George
INFO:root:2025-08-14 01:26:14.849016: Added driver Hannah
INFO:root:2025-08-14 01:26:14.849081: Added driver Ian
INFO:werkzeug:127.0.0.1 - - [14/Aug/2025 09:26:14] "POST /driver/add HTTP/1.1" 200 -
INFO:werkzeug:127.0.0.1 - - [14/Aug/2025 09:26:23] "GET /map HTTP/1.1" 200 -
INFO:werkzeug:127.0.0.1 - - [14/Aug/2025 09:27:31] "[35m[1mPOST /delivery/request HTTP/1.1[0m" 500 -
INFO:werkzeug:127.0.0.1 - - [14/Aug/2025 09:27:49] "GET /delivery/assign HTTP/1.1" 200 -
INFO:werkzeug: * Detected change in 'c:\\Users\\paild\\thumbworx\\app.py', reloading
INFO:werkzeug: * Restarting with stat
WARNING:werkzeug: * Debugger is active!
INFO:werkzeug: * Debugger PIN: 146-011-104
INFO:root:2025-08-14 01:28:22.833934: New delivery request 1 at 14.5565,121.028
INFO:root:2025-08-14 01:28:22.834192: New delivery request 2 at 14.557,121.029
INFO:root:2025-08-14 01:28:22.834300: New delivery request 3 at 14.558,121.03
INFO:root:2025-08-14 01:28:22.834368: New delivery request 4 at 14.559,121.031
INFO:root:2025-08-14 01:28:22.834446: New delivery request 5 at 14.56,121.032
INFO:werkzeug:127.0.0.1 - - [14/Aug/2025 09:28:22] "POST /delivery/request HTTP/1.1" 200 -
INFO:root:2025-08-14 01:28:28.477186: Assigned delivery 1 to driver Charlie
INFO:root:2025-08-14 01:28:28.516726: Assigned delivery 2 to driver Alice
INFO:root:2025-08-14 01:28:28.540759: Assigned delivery 3 to driver Charlie
INFO:root:2025-08-14 01:28:28.562239: Assigned delivery 4 to driver Bob
INFO:root:2025-08-14 01:28:28.587352: Assigned delivery 5 to driver Alice
INFO:werkzeug:127.0.0.1 - - [14/Aug/2025 09:28:28] "GET /delivery/assign HTTP/1.1" 200 -
INFO:werkzeug: * Detected change in 'c:\\Users\\paild\\thumbworx\\app.py', reloading
INFO:werkzeug: * Restarting with stat
WARNING:werkzeug: * Debugger is active!
INFO:werkzeug: * Debugger PIN: 146-011-104
INFO:werkzeug: * Detected change in 'c:\\Users\\paild\\thumbworx\\app.py', reloading
INFO:werkzeug: * Restarting with stat
WARNING:werkzeug: * Debugger is active!
INFO:werkzeug: * Debugger PIN: 146-011-104
